{"obj": {"type": "AssignString", "path": ["sys", "name"], "value": "Untitled"}, "version": 1}
{"obj": {"type": "AssignString", "path": ["sys", "description"], "value": ""}, "version": 2}
{"obj": {"type": "AssignString", "path": ["sys", "hostname"], "value": "L-BSC-A149822"}, "version": 3}
{"obj": {"type": "AssignBool", "path": ["sys", "failed"], "value": false}, "version": 4}
{"obj": {"type": "ClearStringLog", "path": ["monitoring", "stdout"]}, "version": 5}
{"obj": {"type": "ClearStringLog", "path": ["monitoring", "stderr"]}, "version": 6}
{"obj": {"type": "AssignString", "path": ["source_code", "entrypoint"], "value": "train.py"}, "version": 7}
{"obj": {"type": "UploadFileSet", "path": ["source_code", "files"], "file_globs": ["/mnt/c/Users/lizhou/Documents/mlpipeline/Test-Pipeline/train/train.py"], "reset": "False"}, "version": 8}
{"obj": {"type": "LogStrings", "path": ["monitoring", "stderr"], "values": [{"value": "Info (NVML): Driver Not Loaded. GPU usage metrics may not be reported. For more information, see https://docs.neptune.ai/you-should-know/what-can-you-log-and-display#hardware-consumption\n", "step": null, "ts": 1656087866.7845347}]}, "version": 9}
{"obj": {"type": "ConfigFloatSeries", "path": ["monitoring", "cpu"], "min": 0.0, "max": 100.0, "unit": "%"}, "version": 10}
{"obj": {"type": "ClearFloatLog", "path": ["monitoring", "cpu"]}, "version": 11}
{"obj": {"type": "ConfigFloatSeries", "path": ["monitoring", "memory"], "min": 0.0, "max": 24.430526733398438, "unit": "GB"}, "version": 12}
{"obj": {"type": "ClearFloatLog", "path": ["monitoring", "memory"]}, "version": 13}
{"obj": {"type": "LogFloats", "path": ["monitoring", "cpu"], "values": [{"value": 4.0, "step": null, "ts": 1656087866.7891083}]}, "version": 14}
{"obj": {"type": "LogFloats", "path": ["monitoring", "memory"], "values": [{"value": 0.8624191284179688, "step": null, "ts": 1656087866.7891083}]}, "version": 15}
{"obj": {"type": "LogStrings", "path": ["monitoring", "traceback"], "values": [{"value": "An uncaught exception occurred while run was active on worker L-BSC-A149822.", "step": null, "ts": 1656087866.9056456}, {"value": "Marking run as failed", "step": null, "ts": 1656087866.9056456}, {"value": "Traceback:", "step": null, "ts": 1656087866.9056456}, {"value": "  File \"/mnt/c/Users/lizhou/Documents/mlpipeline/Test-Pipeline/train/train.py\", line 119, in <module>\n    img, mae, forecaster = train_forecaster(s_train, s_test, forecaster)\n", "step": null, "ts": 1656087866.9056456}, {"value": "  File \"/mnt/c/Users/lizhou/Documents/mlpipeline/Test-Pipeline/train/train.py\", line 92, in train_forecaster\n    forecaster.fit(train)\n", "step": null, "ts": 1656087866.9056456}, {"value": "  File \"/home/lingjun/miniconda3/lib/python3.8/site-packages/sktime/forecasting/base/_base.py\", line 263, in fit\n    self._fit(y=y_inner, X=X_inner, fh=fh)\n", "step": null, "ts": 1656087866.9056456}, {"value": "  File \"/home/lingjun/miniconda3/lib/python3.8/site-packages/sktime/forecasting/compose/_pipeline.py\", line 818, in _fit\n    yt = t.fit_transform(X=yt, y=X)\n", "step": null, "ts": 1656087866.9056456}, {"value": "  File \"/home/lingjun/miniconda3/lib/python3.8/site-packages/sktime/transformations/base.py\", line 431, in fit_transform\n    return self.fit(X, y).transform(X, y)\n", "step": null, "ts": 1656087866.9056456}, {"value": "  File \"/home/lingjun/miniconda3/lib/python3.8/site-packages/sktime/transformations/base.py\", line 297, in fit\n    self._fit(X=X_inner, y=y_inner)\n", "step": null, "ts": 1656087866.9056456}, {"value": "  File \"/home/lingjun/miniconda3/lib/python3.8/site-packages/sktime/transformations/series/detrend/_deseasonalize.py\", line 128, in _fit\n    self.seasonal_ = seasonal_decompose(\n", "step": null, "ts": 1656087866.9056456}]}, "version": 16}
{"obj": {"type": "LogStrings", "path": ["monitoring", "traceback"], "values": [{"value": "  File \"/home/lingjun/miniconda3/lib/python3.8/site-packages/statsmodels/tsa/seasonal.py\", line 189, in seasonal_decompose\n    period_averages = seasonal_mean(detrended, period)\n", "step": null, "ts": 1656087866.9056456}, {"value": "  File \"/home/lingjun/miniconda3/lib/python3.8/site-packages/statsmodels/tsa/seasonal.py\", line 65, in seasonal_mean\n    return np.array([pd_nanmean(x[i::period], axis=0) for i in range(period)])\n", "step": null, "ts": 1656087866.9056456}, {"value": "  File \"/home/lingjun/miniconda3/lib/python3.8/site-packages/statsmodels/tsa/seasonal.py\", line 65, in <listcomp>\n    return np.array([pd_nanmean(x[i::period], axis=0) for i in range(period)])\n", "step": null, "ts": 1656087866.9056456}, {"value": "  File \"/home/lingjun/miniconda3/lib/python3.8/site-packages/pandas/core/nanops.py\", line 93, in _f\n    return f(*args, **kwargs)\n", "step": null, "ts": 1656087866.9056456}, {"value": "  File \"/home/lingjun/miniconda3/lib/python3.8/site-packages/pandas/core/nanops.py\", line 155, in f\n    result = alt(values, axis=axis, skipna=skipna, **kwds)\n", "step": null, "ts": 1656087866.9056456}, {"value": "  File \"/home/lingjun/miniconda3/lib/python3.8/site-packages/pandas/core/nanops.py\", line 410, in new_func\n    result = func(values, axis=axis, skipna=skipna, mask=mask, **kwargs)\n", "step": null, "ts": 1656087866.9056456}, {"value": "  File \"/home/lingjun/miniconda3/lib/python3.8/site-packages/pandas/core/nanops.py\", line 682, in nanmean\n    values, mask, dtype, dtype_max, _ = _get_values(\n", "step": null, "ts": 1656087866.9056456}, {"value": "  File \"/home/lingjun/miniconda3/lib/python3.8/site-packages/pandas/core/nanops.py\", line 330, in _get_values\n    values = values.copy()\n", "step": null, "ts": 1656087866.9056456}, {"value": "", "step": null, "ts": 1656087866.9056456}]}, "version": 17}
{"obj": {"type": "AssignBool", "path": ["sys", "failed"], "value": true}, "version": 18}
{"obj": {"type": "LogStrings", "path": ["monitoring", "stderr"], "values": [{"value": "Traceback (most recent call last):\n", "step": null, "ts": 1656087866.908295}]}, "version": 19}
{"obj": {"type": "LogStrings", "path": ["monitoring", "stderr"], "values": [{"value": "  File \"/mnt/c/Users/lizhou/Documents/mlpipeline/Test-Pipeline/train/train.py\", line 119, in <module>\n", "step": null, "ts": 1656087866.909212}]}, "version": 20}
{"obj": {"type": "LogStrings", "path": ["monitoring", "stderr"], "values": [{"value": "    ", "step": null, "ts": 1656087866.9110103}]}, "version": 21}
{"obj": {"type": "LogStrings", "path": ["monitoring", "stderr"], "values": [{"value": "img, mae, forecaster = train_forecaster(s_train, s_test, forecaster)", "step": null, "ts": 1656087866.9117794}]}, "version": 22}
{"obj": {"type": "LogStrings", "path": ["monitoring", "stderr"], "values": [{"value": "\n", "step": null, "ts": 1656087866.9125881}]}, "version": 23}
{"obj": {"type": "LogStrings", "path": ["monitoring", "stderr"], "values": [{"value": "  File \"/mnt/c/Users/lizhou/Documents/mlpipeline/Test-Pipeline/train/train.py\", line 92, in train_forecaster\n", "step": null, "ts": 1656087866.9134483}]}, "version": 24}
{"obj": {"type": "LogStrings", "path": ["monitoring", "stderr"], "values": [{"value": "    ", "step": null, "ts": 1656087866.91501}]}, "version": 25}
{"obj": {"type": "LogStrings", "path": ["monitoring", "stderr"], "values": [{"value": "forecaster.fit(train)", "step": null, "ts": 1656087866.9156785}]}, "version": 26}
{"obj": {"type": "LogStrings", "path": ["monitoring", "stderr"], "values": [{"value": "\n", "step": null, "ts": 1656087866.9164488}]}, "version": 27}
{"obj": {"type": "LogStrings", "path": ["monitoring", "stderr"], "values": [{"value": "  File \"/home/lingjun/miniconda3/lib/python3.8/site-packages/sktime/forecasting/base/_base.py\", line 263, in fit\n", "step": null, "ts": 1656087866.917191}]}, "version": 28}
{"obj": {"type": "LogStrings", "path": ["monitoring", "stderr"], "values": [{"value": "    ", "step": null, "ts": 1656087866.9182138}]}, "version": 29}
{"obj": {"type": "LogStrings", "path": ["monitoring", "stderr"], "values": [{"value": "self._fit(y=y_inner, X=X_inner, fh=fh)", "step": null, "ts": 1656087866.9192019}]}, "version": 30}
{"obj": {"type": "LogStrings", "path": ["monitoring", "stderr"], "values": [{"value": "\n", "step": null, "ts": 1656087866.9200392}]}, "version": 31}
{"obj": {"type": "LogStrings", "path": ["monitoring", "stderr"], "values": [{"value": "  File \"/home/lingjun/miniconda3/lib/python3.8/site-packages/sktime/forecasting/compose/_pipeline.py\", line 818, in _fit\n", "step": null, "ts": 1656087866.9209867}]}, "version": 32}
{"obj": {"type": "LogStrings", "path": ["monitoring", "stderr"], "values": [{"value": "    ", "step": null, "ts": 1656087866.9220648}]}, "version": 33}
{"obj": {"type": "LogStrings", "path": ["monitoring", "stderr"], "values": [{"value": "yt = t.fit_transform(X=yt, y=X)", "step": null, "ts": 1656087866.9229357}]}, "version": 34}
{"obj": {"type": "LogStrings", "path": ["monitoring", "stderr"], "values": [{"value": "\n", "step": null, "ts": 1656087866.9237025}]}, "version": 35}
{"obj": {"type": "LogStrings", "path": ["monitoring", "stderr"], "values": [{"value": "  File \"/home/lingjun/miniconda3/lib/python3.8/site-packages/sktime/transformations/base.py\", line 431, in fit_transform\n", "step": null, "ts": 1656087866.9247344}]}, "version": 36}
{"obj": {"type": "LogStrings", "path": ["monitoring", "stderr"], "values": [{"value": "    ", "step": null, "ts": 1656087866.9256704}]}, "version": 37}
{"obj": {"type": "LogStrings", "path": ["monitoring", "stderr"], "values": [{"value": "return self.fit(X, y).transform(X, y)", "step": null, "ts": 1656087866.9264336}]}, "version": 38}
{"obj": {"type": "LogStrings", "path": ["monitoring", "stderr"], "values": [{"value": "\n", "step": null, "ts": 1656087866.9271793}]}, "version": 39}
{"obj": {"type": "LogStrings", "path": ["monitoring", "stderr"], "values": [{"value": "  File \"/home/lingjun/miniconda3/lib/python3.8/site-packages/sktime/transformations/base.py\", line 297, in fit\n", "step": null, "ts": 1656087866.9281297}]}, "version": 40}
{"obj": {"type": "LogStrings", "path": ["monitoring", "stderr"], "values": [{"value": "    ", "step": null, "ts": 1656087866.9289794}]}, "version": 41}
{"obj": {"type": "LogStrings", "path": ["monitoring", "stderr"], "values": [{"value": "self._fit(X=X_inner, y=y_inner)", "step": null, "ts": 1656087866.9297452}]}, "version": 42}
{"obj": {"type": "LogStrings", "path": ["monitoring", "stderr"], "values": [{"value": "\n", "step": null, "ts": 1656087866.9305954}]}, "version": 43}
{"obj": {"type": "LogStrings", "path": ["monitoring", "stderr"], "values": [{"value": "  File \"/home/lingjun/miniconda3/lib/python3.8/site-packages/sktime/transformations/series/detrend/_deseasonalize.py\", line 128, in _fit\n", "step": null, "ts": 1656087866.9315016}]}, "version": 44}
{"obj": {"type": "LogStrings", "path": ["monitoring", "stderr"], "values": [{"value": "    ", "step": null, "ts": 1656087866.932462}]}, "version": 45}
{"obj": {"type": "LogStrings", "path": ["monitoring", "stderr"], "values": [{"value": "self.seasonal_ = seasonal_decompose(", "step": null, "ts": 1656087866.9332132}]}, "version": 46}
{"obj": {"type": "LogStrings", "path": ["monitoring", "stderr"], "values": [{"value": "\n", "step": null, "ts": 1656087866.9340832}]}, "version": 47}
{"obj": {"type": "LogStrings", "path": ["monitoring", "stderr"], "values": [{"value": "  File \"/home/lingjun/miniconda3/lib/python3.8/site-packages/statsmodels/tsa/seasonal.py\", line 189, in seasonal_decompose\n", "step": null, "ts": 1656087866.9348872}]}, "version": 48}
{"obj": {"type": "LogStrings", "path": ["monitoring", "stderr"], "values": [{"value": "    ", "step": null, "ts": 1656087866.9357455}]}, "version": 49}
{"obj": {"type": "LogStrings", "path": ["monitoring", "stderr"], "values": [{"value": "period_averages = seasonal_mean(detrended, period)", "step": null, "ts": 1656087866.9365318}]}, "version": 50}
{"obj": {"type": "LogStrings", "path": ["monitoring", "stderr"], "values": [{"value": "\n", "step": null, "ts": 1656087866.9373062}]}, "version": 51}
{"obj": {"type": "LogStrings", "path": ["monitoring", "stderr"], "values": [{"value": "  File \"/home/lingjun/miniconda3/lib/python3.8/site-packages/statsmodels/tsa/seasonal.py\", line 65, in seasonal_mean\n", "step": null, "ts": 1656087866.9381123}]}, "version": 52}
{"obj": {"type": "LogStrings", "path": ["monitoring", "stderr"], "values": [{"value": "    ", "step": null, "ts": 1656087866.938929}]}, "version": 53}
{"obj": {"type": "LogStrings", "path": ["monitoring", "stderr"], "values": [{"value": "return np.array([pd_nanmean(x[i::period], axis=0) for i in range(period)])", "step": null, "ts": 1656087866.939674}]}, "version": 54}
{"obj": {"type": "LogStrings", "path": ["monitoring", "stderr"], "values": [{"value": "\n", "step": null, "ts": 1656087866.9404416}]}, "version": 55}
{"obj": {"type": "LogStrings", "path": ["monitoring", "stderr"], "values": [{"value": "  File \"/home/lingjun/miniconda3/lib/python3.8/site-packages/statsmodels/tsa/seasonal.py\", line 65, in <listcomp>\n", "step": null, "ts": 1656087866.9412625}]}, "version": 56}
{"obj": {"type": "LogStrings", "path": ["monitoring", "stderr"], "values": [{"value": "    ", "step": null, "ts": 1656087866.9421034}]}, "version": 57}
{"obj": {"type": "LogStrings", "path": ["monitoring", "stderr"], "values": [{"value": "return np.array([pd_nanmean(x[i::period], axis=0) for i in range(period)])", "step": null, "ts": 1656087866.9432929}]}, "version": 58}
{"obj": {"type": "LogStrings", "path": ["monitoring", "stderr"], "values": [{"value": "\n", "step": null, "ts": 1656087866.9445915}]}, "version": 59}
{"obj": {"type": "LogStrings", "path": ["monitoring", "stderr"], "values": [{"value": "  File \"/home/lingjun/miniconda3/lib/python3.8/site-packages/pandas/core/nanops.py\", line 93, in _f\n", "step": null, "ts": 1656087866.9455001}]}, "version": 60}
{"obj": {"type": "LogStrings", "path": ["monitoring", "stderr"], "values": [{"value": "    ", "step": null, "ts": 1656087866.946509}]}, "version": 61}
{"obj": {"type": "LogStrings", "path": ["monitoring", "stderr"], "values": [{"value": "return f(*args, **kwargs)", "step": null, "ts": 1656087866.9473634}]}, "version": 62}
{"obj": {"type": "LogStrings", "path": ["monitoring", "stderr"], "values": [{"value": "\n", "step": null, "ts": 1656087866.9481404}]}, "version": 63}
{"obj": {"type": "LogStrings", "path": ["monitoring", "stderr"], "values": [{"value": "  File \"/home/lingjun/miniconda3/lib/python3.8/site-packages/pandas/core/nanops.py\", line 155, in f\n", "step": null, "ts": 1656087866.949055}]}, "version": 64}
{"obj": {"type": "LogStrings", "path": ["monitoring", "stderr"], "values": [{"value": "    ", "step": null, "ts": 1656087866.9499524}]}, "version": 65}
{"obj": {"type": "LogStrings", "path": ["monitoring", "stderr"], "values": [{"value": "result = alt(values, axis=axis, skipna=skipna, **kwds)", "step": null, "ts": 1656087866.9507806}]}, "version": 66}
{"obj": {"type": "LogStrings", "path": ["monitoring", "stderr"], "values": [{"value": "\n", "step": null, "ts": 1656087866.9516034}]}, "version": 67}
{"obj": {"type": "LogStrings", "path": ["monitoring", "stderr"], "values": [{"value": "  File \"/home/lingjun/miniconda3/lib/python3.8/site-packages/pandas/core/nanops.py\", line 410, in new_func\n", "step": null, "ts": 1656087866.9524934}]}, "version": 68}
{"obj": {"type": "LogStrings", "path": ["monitoring", "stderr"], "values": [{"value": "    ", "step": null, "ts": 1656087866.953383}]}, "version": 69}
{"obj": {"type": "LogStrings", "path": ["monitoring", "stderr"], "values": [{"value": "result = func(values, axis=axis, skipna=skipna, mask=mask, **kwargs)", "step": null, "ts": 1656087866.9542}]}, "version": 70}
{"obj": {"type": "LogStrings", "path": ["monitoring", "stderr"], "values": [{"value": "\n", "step": null, "ts": 1656087866.9550352}]}, "version": 71}
{"obj": {"type": "LogStrings", "path": ["monitoring", "stderr"], "values": [{"value": "  File \"/home/lingjun/miniconda3/lib/python3.8/site-packages/pandas/core/nanops.py\", line 682, in nanmean\n", "step": null, "ts": 1656087866.9558837}]}, "version": 72}
{"obj": {"type": "LogStrings", "path": ["monitoring", "stderr"], "values": [{"value": "    ", "step": null, "ts": 1656087866.9567907}]}, "version": 73}
{"obj": {"type": "LogStrings", "path": ["monitoring", "stderr"], "values": [{"value": "values, mask, dtype, dtype_max, _ = _get_values(", "step": null, "ts": 1656087866.9576006}]}, "version": 74}
{"obj": {"type": "LogStrings", "path": ["monitoring", "stderr"], "values": [{"value": "\n", "step": null, "ts": 1656087866.9584212}]}, "version": 75}
{"obj": {"type": "LogStrings", "path": ["monitoring", "stderr"], "values": [{"value": "  File \"/home/lingjun/miniconda3/lib/python3.8/site-packages/pandas/core/nanops.py\", line 330, in _get_values\n", "step": null, "ts": 1656087866.9592483}]}, "version": 76}
{"obj": {"type": "LogStrings", "path": ["monitoring", "stderr"], "values": [{"value": "    ", "step": null, "ts": 1656087866.9601285}]}, "version": 77}
{"obj": {"type": "LogStrings", "path": ["monitoring", "stderr"], "values": [{"value": "values = values.copy()", "step": null, "ts": 1656087866.9610424}]}, "version": 78}
{"obj": {"type": "LogStrings", "path": ["monitoring", "stderr"], "values": [{"value": "\n", "step": null, "ts": 1656087866.9618447}]}, "version": 79}
{"obj": {"type": "LogStrings", "path": ["monitoring", "stderr"], "values": [{"value": "KeyboardInterrupt", "step": null, "ts": 1656087866.9626698}]}, "version": 80}
{"obj": {"type": "LogStrings", "path": ["monitoring", "stderr"], "values": [{"value": "", "step": null, "ts": 1656087866.963438}]}, "version": 81}
{"obj": {"type": "LogStrings", "path": ["monitoring", "stderr"], "values": [{"value": "\n", "step": null, "ts": 1656087866.9642174}]}, "version": 82}
{"obj": {"type": "LogStrings", "path": ["monitoring", "stdout"], "values": [{"value": "Shutting down background jobs, please wait a moment...\n", "step": null, "ts": 1656087866.9652526}]}, "version": 83}
