{"obj": {"type": "LogStrings", "path": ["monitoring", "stderr"], "values": [{"value": "Info (NVML): Driver Not Loaded. GPU usage metrics may not be reported. For more information, see https://docs.neptune.ai/you-should-know/what-can-you-log-and-display#hardware-consumption\n", "step": null, "ts": 1656100622.537124}]}, "version": 1}
{"obj": {"type": "LogFloats", "path": ["monitoring", "cpu"], "values": [{"value": 0.4, "step": null, "ts": 1656100622.5393038}]}, "version": 2}
{"obj": {"type": "LogFloats", "path": ["monitoring", "memory"], "values": [{"value": 0.5521011352539062, "step": null, "ts": 1656100622.5393038}]}, "version": 3}
{"obj": {"type": "LogStrings", "path": ["monitoring", "stdout"], "values": [{"value": "Model not available", "step": null, "ts": 1656100622.8598244}]}, "version": 4}
{"obj": {"type": "LogStrings", "path": ["monitoring", "stdout"], "values": [{"value": "\n", "step": null, "ts": 1656100622.8621626}]}, "version": 5}
{"obj": {"type": "LogFloats", "path": ["monitoring", "cpu"], "values": [{"value": 0.1, "step": null, "ts": 1656100632.547482}]}, "version": 6}
{"obj": {"type": "LogFloats", "path": ["monitoring", "memory"], "values": [{"value": 0.5551033020019531, "step": null, "ts": 1656100632.547482}]}, "version": 7}
{"obj": {"type": "LogFloats", "path": ["monitoring", "memory"], "values": [{"value": 0.5549850463867188, "step": null, "ts": 1656100642.5516427}]}, "version": 8}
{"obj": {"type": "LogFloats", "path": ["monitoring", "memory"], "values": [{"value": 0.5544967651367188, "step": null, "ts": 1656100652.554259}]}, "version": 9}
{"obj": {"type": "LogFloats", "path": ["monitoring", "memory"], "values": [{"value": 0.5544967651367188, "step": null, "ts": 1656100662.5587714}]}, "version": 10}
{"obj": {"type": "LogFloats", "path": ["monitoring", "memory"], "values": [{"value": 0.5544967651367188, "step": null, "ts": 1656100672.5617104}]}, "version": 11}
{"obj": {"type": "LogFloats", "path": ["monitoring", "memory"], "values": [{"value": 0.5544967651367188, "step": null, "ts": 1656100682.5650113}]}, "version": 12}
{"obj": {"type": "LogFloats", "path": ["monitoring", "memory"], "values": [{"value": 0.5544967651367188, "step": null, "ts": 1656100692.5674167}]}, "version": 13}
{"obj": {"type": "LogFloats", "path": ["monitoring", "memory"], "values": [{"value": 0.5544967651367188, "step": null, "ts": 1656100702.5710175}]}, "version": 14}
{"obj": {"type": "LogFloats", "path": ["monitoring", "memory"], "values": [{"value": 0.5544967651367188, "step": null, "ts": 1656100712.5754728}]}, "version": 15}
{"obj": {"type": "LogFloats", "path": ["monitoring", "memory"], "values": [{"value": 0.5544967651367188, "step": null, "ts": 1656100722.580256}]}, "version": 16}
{"obj": {"type": "LogFloats", "path": ["monitoring", "memory"], "values": [{"value": 0.5544967651367188, "step": null, "ts": 1656100732.5838788}]}, "version": 17}
{"obj": {"type": "LogFloats", "path": ["monitoring", "memory"], "values": [{"value": 0.5544967651367188, "step": null, "ts": 1656100742.5869665}]}, "version": 18}
{"obj": {"type": "LogFloats", "path": ["monitoring", "memory"], "values": [{"value": 0.5544967651367188, "step": null, "ts": 1656100752.592612}]}, "version": 19}
{"obj": {"type": "LogFloats", "path": ["monitoring", "memory"], "values": [{"value": 0.5543861389160156, "step": null, "ts": 1656100762.5970635}]}, "version": 20}
{"obj": {"type": "LogFloats", "path": ["monitoring", "memory"], "values": [{"value": 0.5543861389160156, "step": null, "ts": 1656100772.6032026}]}, "version": 21}
{"obj": {"type": "LogFloats", "path": ["monitoring", "memory"], "values": [{"value": 0.5543861389160156, "step": null, "ts": 1656100782.6091003}]}, "version": 22}
{"obj": {"type": "LogFloats", "path": ["monitoring", "memory"], "values": [{"value": 0.5543861389160156, "step": null, "ts": 1656100792.6139276}]}, "version": 23}
{"obj": {"type": "LogFloats", "path": ["monitoring", "memory"], "values": [{"value": 0.5543861389160156, "step": null, "ts": 1656100802.6165662}]}, "version": 24}
{"obj": {"type": "LogFloats", "path": ["monitoring", "memory"], "values": [{"value": 0.5543861389160156, "step": null, "ts": 1656100812.6213613}]}, "version": 25}
{"obj": {"type": "LogFloats", "path": ["monitoring", "memory"], "values": [{"value": 0.5543861389160156, "step": null, "ts": 1656100822.6260011}]}, "version": 26}
{"obj": {"type": "LogFloats", "path": ["monitoring", "memory"], "values": [{"value": 0.5543861389160156, "step": null, "ts": 1656100832.6288354}]}, "version": 27}
{"obj": {"type": "LogFloats", "path": ["monitoring", "memory"], "values": [{"value": 0.5543861389160156, "step": null, "ts": 1656100842.6342418}]}, "version": 28}
{"obj": {"type": "LogFloats", "path": ["monitoring", "memory"], "values": [{"value": 0.5536880493164062, "step": null, "ts": 1656100852.6372547}]}, "version": 29}
{"obj": {"type": "LogFloats", "path": ["monitoring", "memory"], "values": [{"value": 0.5536880493164062, "step": null, "ts": 1656100862.6418393}]}, "version": 30}
{"obj": {"type": "LogFloats", "path": ["monitoring", "memory"], "values": [{"value": 0.5536880493164062, "step": null, "ts": 1656100872.6469038}]}, "version": 31}
{"obj": {"type": "LogFloats", "path": ["monitoring", "memory"], "values": [{"value": 0.5536880493164062, "step": null, "ts": 1656100882.6526146}]}, "version": 32}
{"obj": {"type": "LogFloats", "path": ["monitoring", "memory"], "values": [{"value": 0.5536880493164062, "step": null, "ts": 1656100892.6559336}]}, "version": 33}
{"obj": {"type": "LogFloats", "path": ["monitoring", "memory"], "values": [{"value": 0.55230712890625, "step": null, "ts": 1656100902.6595092}]}, "version": 34}
{"obj": {"type": "LogFloats", "path": ["monitoring", "memory"], "values": [{"value": 0.55230712890625, "step": null, "ts": 1656100912.66325}]}, "version": 35}
{"obj": {"type": "LogFloats", "path": ["monitoring", "memory"], "values": [{"value": 0.55230712890625, "step": null, "ts": 1656100922.6657948}]}, "version": 36}
{"obj": {"type": "LogFloats", "path": ["monitoring", "memory"], "values": [{"value": 0.55230712890625, "step": null, "ts": 1656100932.668426}]}, "version": 37}
{"obj": {"type": "LogFloats", "path": ["monitoring", "memory"], "values": [{"value": 0.5523300170898438, "step": null, "ts": 1656100942.6728673}]}, "version": 38}
{"obj": {"type": "LogFloats", "path": ["monitoring", "memory"], "values": [{"value": 0.5523300170898438, "step": null, "ts": 1656100952.6796215}]}, "version": 39}
{"obj": {"type": "LogFloats", "path": ["monitoring", "memory"], "values": [{"value": 0.5523300170898438, "step": null, "ts": 1656100962.6857257}]}, "version": 40}
{"obj": {"type": "LogFloats", "path": ["monitoring", "memory"], "values": [{"value": 0.5523300170898438, "step": null, "ts": 1656100972.6892896}]}, "version": 41}
{"obj": {"type": "LogFloats", "path": ["monitoring", "memory"], "values": [{"value": 0.5523605346679688, "step": null, "ts": 1656100982.6921818}]}, "version": 42}
{"obj": {"type": "LogFloats", "path": ["monitoring", "memory"], "values": [{"value": 0.5523605346679688, "step": null, "ts": 1656100992.6949148}]}, "version": 43}
{"obj": {"type": "LogFloats", "path": ["monitoring", "memory"], "values": [{"value": 0.5523719787597656, "step": null, "ts": 1656101002.6976423}]}, "version": 44}
{"obj": {"type": "LogFloats", "path": ["monitoring", "memory"], "values": [{"value": 0.5523719787597656, "step": null, "ts": 1656101012.7018912}]}, "version": 45}
{"obj": {"type": "LogFloats", "path": ["monitoring", "memory"], "values": [{"value": 0.5523719787597656, "step": null, "ts": 1656101022.705256}]}, "version": 46}
{"obj": {"type": "LogFloats", "path": ["monitoring", "memory"], "values": [{"value": 0.5523719787597656, "step": null, "ts": 1656101032.7072048}]}, "version": 47}
{"obj": {"type": "LogFloats", "path": ["monitoring", "memory"], "values": [{"value": 0.5523719787597656, "step": null, "ts": 1656101042.7112532}]}, "version": 48}
{"obj": {"type": "LogFloats", "path": ["monitoring", "memory"], "values": [{"value": 0.5523719787597656, "step": null, "ts": 1656101052.714025}]}, "version": 49}
{"obj": {"type": "LogFloats", "path": ["monitoring", "memory"], "values": [{"value": 0.5523719787597656, "step": null, "ts": 1656101062.7182844}]}, "version": 50}
{"obj": {"type": "LogFloats", "path": ["monitoring", "memory"], "values": [{"value": 0.5523719787597656, "step": null, "ts": 1656101072.7223516}]}, "version": 51}
{"obj": {"type": "LogFloats", "path": ["monitoring", "memory"], "values": [{"value": 0.5523796081542969, "step": null, "ts": 1656101082.725364}]}, "version": 52}
{"obj": {"type": "LogFloats", "path": ["monitoring", "memory"], "values": [{"value": 0.5523796081542969, "step": null, "ts": 1656101092.728183}]}, "version": 53}
{"obj": {"type": "LogFloats", "path": ["monitoring", "memory"], "values": [{"value": 0.5523796081542969, "step": null, "ts": 1656101102.7338152}]}, "version": 54}
{"obj": {"type": "LogFloats", "path": ["monitoring", "memory"], "values": [{"value": 0.5523796081542969, "step": null, "ts": 1656101112.7358444}]}, "version": 55}
{"obj": {"type": "LogStrings", "path": ["monitoring", "stdout"], "values": [{"value": "Shutting down background jobs, please wait a moment...\n", "step": null, "ts": 1656101115.203105}]}, "version": 56}
