{"obj": {"type": "AssignString", "path": ["sys", "name"], "value": "Untitled"}, "version": 1}
{"obj": {"type": "AssignString", "path": ["sys", "description"], "value": ""}, "version": 2}
{"obj": {"type": "AssignString", "path": ["sys", "hostname"], "value": "L-BSC-A149822"}, "version": 3}
{"obj": {"type": "AssignBool", "path": ["sys", "failed"], "value": false}, "version": 4}
{"obj": {"type": "ClearStringLog", "path": ["monitoring", "stdout"]}, "version": 5}
{"obj": {"type": "ClearStringLog", "path": ["monitoring", "stderr"]}, "version": 6}
{"obj": {"type": "AssignString", "path": ["source_code", "entrypoint"], "value": "train.py"}, "version": 7}
{"obj": {"type": "UploadFileSet", "path": ["source_code", "files"], "file_globs": ["/mnt/c/Users/lizhou/Documents/mlpipeline/Test-Pipeline/train/train.py"], "reset": "False"}, "version": 8}
{"obj": {"type": "LogStrings", "path": ["monitoring", "stderr"], "values": [{"value": "Info (NVML): The operating system has blocked the request.. GPU usage metrics may not be reported. For more information, see https://docs.neptune.ai/you-should-know/what-can-you-log-and-display#hardware-consumption\n", "step": null, "ts": 1656088692.4107585}]}, "version": 9}
{"obj": {"type": "ConfigFloatSeries", "path": ["monitoring", "cpu"], "min": 0.0, "max": 100.0, "unit": "%"}, "version": 10}
{"obj": {"type": "ClearFloatLog", "path": ["monitoring", "cpu"]}, "version": 11}
{"obj": {"type": "ConfigFloatSeries", "path": ["monitoring", "memory"], "min": 0.0, "max": 24.430526733398438, "unit": "GB"}, "version": 12}
{"obj": {"type": "ClearFloatLog", "path": ["monitoring", "memory"]}, "version": 13}
{"obj": {"type": "LogFloats", "path": ["monitoring", "cpu"], "values": [{"value": 4.0, "step": null, "ts": 1656088692.4166436}]}, "version": 14}
{"obj": {"type": "LogFloats", "path": ["monitoring", "memory"], "values": [{"value": 0.8630485534667969, "step": null, "ts": 1656088692.4166436}]}, "version": 15}
{"obj": {"type": "LogStrings", "path": ["monitoring", "traceback"], "values": [{"value": "An uncaught exception occurred while run was active on worker L-BSC-A149822.", "step": null, "ts": 1656088694.235496}, {"value": "Marking run as failed", "step": null, "ts": 1656088694.235496}, {"value": "Traceback:", "step": null, "ts": 1656088694.235496}, {"value": "  File \"/mnt/c/Users/lizhou/Documents/mlpipeline/Test-Pipeline/train/train.py\", line 119, in <module>\n    img, mae, forecaster = train_forecaster(s_train, s_test, forecaster)\n", "step": null, "ts": 1656088694.235496}, {"value": "  File \"/mnt/c/Users/lizhou/Documents/mlpipeline/Test-Pipeline/train/train.py\", line 94, in train_forecaster\n    y_pred = forecaster.predict(fh=fh)\n", "step": null, "ts": 1656088694.235496}, {"value": "  File \"/home/lingjun/miniconda3/lib/python3.8/site-packages/sktime/forecasting/base/_base.py\", line 318, in predict\n    y_pred = self._predict(fh=fh, X=X_inner)\n", "step": null, "ts": 1656088694.235496}, {"value": "  File \"/home/lingjun/miniconda3/lib/python3.8/site-packages/sktime/forecasting/compose/_pipeline.py\", line 845, in _predict\n    y_pred = self.forecaster_.predict(fh=fh, X=X)\n", "step": null, "ts": 1656088694.235496}, {"value": "  File \"/home/lingjun/miniconda3/lib/python3.8/site-packages/sktime/forecasting/base/_base.py\", line 318, in predict\n    y_pred = self._predict(fh=fh, X=X_inner)\n", "step": null, "ts": 1656088694.235496}, {"value": "  File \"/home/lingjun/miniconda3/lib/python3.8/site-packages/sktime/forecasting/base/_sktime.py\", line 62, in _predict\n    return self._predict_fixed_cutoff(\n", "step": null, "ts": 1656088694.235496}, {"value": "  File \"/home/lingjun/miniconda3/lib/python3.8/site-packages/sktime/forecasting/base/_sktime.py\", line 96, in _predict_fixed_cutoff\n    y_pred = self._predict_last_window(\n", "step": null, "ts": 1656088694.235496}]}, "version": 16}
{"obj": {"type": "LogStrings", "path": ["monitoring", "traceback"], "values": [{"value": "  File \"/home/lingjun/miniconda3/lib/python3.8/site-packages/sktime/forecasting/compose/_reduce.py\", line 606, in _predict_last_window\n    y_pred[i] = self.estimator_.predict(X_pred)\n", "step": null, "ts": 1656088694.235496}, {"value": "  File \"/home/lingjun/miniconda3/lib/python3.8/site-packages/lightgbm/sklearn.py\", line 803, in predict\n    return self._Booster.predict(X, raw_score=raw_score, start_iteration=start_iteration, num_iteration=num_iteration,\n", "step": null, "ts": 1656088694.235496}, {"value": "  File \"/home/lingjun/miniconda3/lib/python3.8/site-packages/lightgbm/basic.py\", line 3538, in predict\n    return predictor.predict(data, start_iteration, num_iteration,\n", "step": null, "ts": 1656088694.235496}, {"value": "  File \"/home/lingjun/miniconda3/lib/python3.8/site-packages/lightgbm/basic.py\", line 848, in predict\n    preds, nrow = self.__pred_for_np2d(data, start_iteration, num_iteration, predict_type)\n", "step": null, "ts": 1656088694.235496}, {"value": "  File \"/home/lingjun/miniconda3/lib/python3.8/site-packages/lightgbm/basic.py\", line 938, in __pred_for_np2d\n    return inner_predict(mat, start_iteration, num_iteration, predict_type)\n", "step": null, "ts": 1656088694.235496}, {"value": "  File \"/home/lingjun/miniconda3/lib/python3.8/site-packages/lightgbm/basic.py\", line 908, in inner_predict\n    _safe_call(_LIB.LGBM_BoosterPredictForMat(\n", "step": null, "ts": 1656088694.235496}, {"value": "", "step": null, "ts": 1656088694.235496}]}, "version": 17}
{"obj": {"type": "AssignBool", "path": ["sys", "failed"], "value": true}, "version": 18}
{"obj": {"type": "LogStrings", "path": ["monitoring", "stderr"], "values": [{"value": "Traceback (most recent call last):\n", "step": null, "ts": 1656088694.2436767}]}, "version": 19}
{"obj": {"type": "LogStrings", "path": ["monitoring", "stderr"], "values": [{"value": "  File \"/mnt/c/Users/lizhou/Documents/mlpipeline/Test-Pipeline/train/train.py\", line 119, in <module>\n", "step": null, "ts": 1656088694.2446146}]}, "version": 20}
{"obj": {"type": "LogStrings", "path": ["monitoring", "stderr"], "values": [{"value": "    ", "step": null, "ts": 1656088694.2470512}]}, "version": 21}
{"obj": {"type": "LogStrings", "path": ["monitoring", "stderr"], "values": [{"value": "img, mae, forecaster = train_forecaster(s_train, s_test, forecaster)", "step": null, "ts": 1656088694.24794}]}, "version": 22}
{"obj": {"type": "LogStrings", "path": ["monitoring", "stderr"], "values": [{"value": "\n", "step": null, "ts": 1656088694.2488723}]}, "version": 23}
{"obj": {"type": "LogStrings", "path": ["monitoring", "stderr"], "values": [{"value": "  File \"/mnt/c/Users/lizhou/Documents/mlpipeline/Test-Pipeline/train/train.py\", line 94, in train_forecaster\n", "step": null, "ts": 1656088694.2497857}]}, "version": 24}
{"obj": {"type": "LogStrings", "path": ["monitoring", "stderr"], "values": [{"value": "    ", "step": null, "ts": 1656088694.2517939}]}, "version": 25}
{"obj": {"type": "LogStrings", "path": ["monitoring", "stderr"], "values": [{"value": "y_pred = forecaster.predict(fh=fh)", "step": null, "ts": 1656088694.2526083}]}, "version": 26}
{"obj": {"type": "LogStrings", "path": ["monitoring", "stderr"], "values": [{"value": "\n", "step": null, "ts": 1656088694.2534208}]}, "version": 27}
{"obj": {"type": "LogStrings", "path": ["monitoring", "stderr"], "values": [{"value": "  File \"/home/lingjun/miniconda3/lib/python3.8/site-packages/sktime/forecasting/base/_base.py\", line 318, in predict\n", "step": null, "ts": 1656088694.254274}]}, "version": 28}
{"obj": {"type": "LogStrings", "path": ["monitoring", "stderr"], "values": [{"value": "    ", "step": null, "ts": 1656088694.255174}]}, "version": 29}
{"obj": {"type": "LogStrings", "path": ["monitoring", "stderr"], "values": [{"value": "y_pred = self._predict(fh=fh, X=X_inner)", "step": null, "ts": 1656088694.2560143}]}, "version": 30}
{"obj": {"type": "LogStrings", "path": ["monitoring", "stderr"], "values": [{"value": "\n", "step": null, "ts": 1656088694.2568204}]}, "version": 31}
{"obj": {"type": "LogStrings", "path": ["monitoring", "stderr"], "values": [{"value": "  File \"/home/lingjun/miniconda3/lib/python3.8/site-packages/sktime/forecasting/compose/_pipeline.py\", line 845, in _predict\n", "step": null, "ts": 1656088694.25766}]}, "version": 32}
{"obj": {"type": "LogStrings", "path": ["monitoring", "stderr"], "values": [{"value": "    ", "step": null, "ts": 1656088694.2585564}]}, "version": 33}
{"obj": {"type": "LogStrings", "path": ["monitoring", "stderr"], "values": [{"value": "y_pred = self.forecaster_.predict(fh=fh, X=X)", "step": null, "ts": 1656088694.2593842}]}, "version": 34}
{"obj": {"type": "LogStrings", "path": ["monitoring", "stderr"], "values": [{"value": "\n", "step": null, "ts": 1656088694.260214}]}, "version": 35}
{"obj": {"type": "LogStrings", "path": ["monitoring", "stderr"], "values": [{"value": "  File \"/home/lingjun/miniconda3/lib/python3.8/site-packages/sktime/forecasting/base/_base.py\", line 318, in predict\n", "step": null, "ts": 1656088694.2610762}]}, "version": 36}
{"obj": {"type": "LogStrings", "path": ["monitoring", "stderr"], "values": [{"value": "    ", "step": null, "ts": 1656088694.2621903}]}, "version": 37}
{"obj": {"type": "LogStrings", "path": ["monitoring", "stderr"], "values": [{"value": "y_pred = self._predict(fh=fh, X=X_inner)", "step": null, "ts": 1656088694.2630792}]}, "version": 38}
{"obj": {"type": "LogStrings", "path": ["monitoring", "stderr"], "values": [{"value": "\n", "step": null, "ts": 1656088694.2639942}]}, "version": 39}
{"obj": {"type": "LogStrings", "path": ["monitoring", "stderr"], "values": [{"value": "  File \"/home/lingjun/miniconda3/lib/python3.8/site-packages/sktime/forecasting/base/_sktime.py\", line 62, in _predict\n", "step": null, "ts": 1656088694.2648325}]}, "version": 40}
{"obj": {"type": "LogStrings", "path": ["monitoring", "stderr"], "values": [{"value": "    ", "step": null, "ts": 1656088694.2657387}]}, "version": 41}
{"obj": {"type": "LogStrings", "path": ["monitoring", "stderr"], "values": [{"value": "return self._predict_fixed_cutoff(", "step": null, "ts": 1656088694.2666252}]}, "version": 42}
{"obj": {"type": "LogStrings", "path": ["monitoring", "stderr"], "values": [{"value": "\n", "step": null, "ts": 1656088694.2675116}]}, "version": 43}
{"obj": {"type": "LogStrings", "path": ["monitoring", "stderr"], "values": [{"value": "  File \"/home/lingjun/miniconda3/lib/python3.8/site-packages/sktime/forecasting/base/_sktime.py\", line 96, in _predict_fixed_cutoff\n", "step": null, "ts": 1656088694.2683964}]}, "version": 44}
{"obj": {"type": "LogStrings", "path": ["monitoring", "stderr"], "values": [{"value": "    ", "step": null, "ts": 1656088694.2693112}]}, "version": 45}
{"obj": {"type": "LogStrings", "path": ["monitoring", "stderr"], "values": [{"value": "y_pred = self._predict_last_window(", "step": null, "ts": 1656088694.270195}]}, "version": 46}
{"obj": {"type": "LogStrings", "path": ["monitoring", "stderr"], "values": [{"value": "\n", "step": null, "ts": 1656088694.2710636}]}, "version": 47}
{"obj": {"type": "LogStrings", "path": ["monitoring", "stderr"], "values": [{"value": "  File \"/home/lingjun/miniconda3/lib/python3.8/site-packages/sktime/forecasting/compose/_reduce.py\", line 606, in _predict_last_window\n", "step": null, "ts": 1656088694.271979}]}, "version": 48}
{"obj": {"type": "LogStrings", "path": ["monitoring", "stderr"], "values": [{"value": "    ", "step": null, "ts": 1656088694.2729466}]}, "version": 49}
{"obj": {"type": "LogStrings", "path": ["monitoring", "stderr"], "values": [{"value": "y_pred[i] = self.estimator_.predict(X_pred)", "step": null, "ts": 1656088694.2738519}]}, "version": 50}
{"obj": {"type": "LogStrings", "path": ["monitoring", "stderr"], "values": [{"value": "\n", "step": null, "ts": 1656088694.2747562}]}, "version": 51}
{"obj": {"type": "LogStrings", "path": ["monitoring", "stderr"], "values": [{"value": "  File \"/home/lingjun/miniconda3/lib/python3.8/site-packages/lightgbm/sklearn.py\", line 803, in predict\n", "step": null, "ts": 1656088694.2756383}]}, "version": 52}
{"obj": {"type": "LogStrings", "path": ["monitoring", "stderr"], "values": [{"value": "    ", "step": null, "ts": 1656088694.2768273}]}, "version": 53}
{"obj": {"type": "LogStrings", "path": ["monitoring", "stderr"], "values": [{"value": "return self._Booster.predict(X, raw_score=raw_score, start_iteration=start_iteration, num_iteration=num_iteration,", "step": null, "ts": 1656088694.2782052}]}, "version": 54}
{"obj": {"type": "LogStrings", "path": ["monitoring", "stderr"], "values": [{"value": "\n", "step": null, "ts": 1656088694.279994}]}, "version": 55}
{"obj": {"type": "LogStrings", "path": ["monitoring", "stderr"], "values": [{"value": "  File \"/home/lingjun/miniconda3/lib/python3.8/site-packages/lightgbm/basic.py\", line 3538, in predict\n", "step": null, "ts": 1656088694.2818093}]}, "version": 56}
{"obj": {"type": "LogStrings", "path": ["monitoring", "stderr"], "values": [{"value": "    ", "step": null, "ts": 1656088694.2843463}]}, "version": 57}
{"obj": {"type": "LogStrings", "path": ["monitoring", "stderr"], "values": [{"value": "return predictor.predict(data, start_iteration, num_iteration,", "step": null, "ts": 1656088694.2852414}]}, "version": 58}
{"obj": {"type": "LogStrings", "path": ["monitoring", "stderr"], "values": [{"value": "\n", "step": null, "ts": 1656088694.2861066}]}, "version": 59}
{"obj": {"type": "LogStrings", "path": ["monitoring", "stderr"], "values": [{"value": "  File \"/home/lingjun/miniconda3/lib/python3.8/site-packages/lightgbm/basic.py\", line 848, in predict\n", "step": null, "ts": 1656088694.2869773}]}, "version": 60}
{"obj": {"type": "LogStrings", "path": ["monitoring", "stderr"], "values": [{"value": "    ", "step": null, "ts": 1656088694.288138}]}, "version": 61}
{"obj": {"type": "LogStrings", "path": ["monitoring", "stderr"], "values": [{"value": "preds, nrow = self.__pred_for_np2d(data, start_iteration, num_iteration, predict_type)", "step": null, "ts": 1656088694.2890635}]}, "version": 62}
{"obj": {"type": "LogStrings", "path": ["monitoring", "stderr"], "values": [{"value": "\n", "step": null, "ts": 1656088694.2899406}]}, "version": 63}
{"obj": {"type": "LogStrings", "path": ["monitoring", "stderr"], "values": [{"value": "  File \"/home/lingjun/miniconda3/lib/python3.8/site-packages/lightgbm/basic.py\", line 938, in __pred_for_np2d\n", "step": null, "ts": 1656088694.2908595}]}, "version": 64}
{"obj": {"type": "LogStrings", "path": ["monitoring", "stderr"], "values": [{"value": "    ", "step": null, "ts": 1656088694.2921257}]}, "version": 65}
{"obj": {"type": "LogStrings", "path": ["monitoring", "stderr"], "values": [{"value": "return inner_predict(mat, start_iteration, num_iteration, predict_type)", "step": null, "ts": 1656088694.2931416}]}, "version": 66}
{"obj": {"type": "LogStrings", "path": ["monitoring", "stderr"], "values": [{"value": "\n", "step": null, "ts": 1656088694.2941039}]}, "version": 67}
{"obj": {"type": "LogStrings", "path": ["monitoring", "stderr"], "values": [{"value": "  File \"/home/lingjun/miniconda3/lib/python3.8/site-packages/lightgbm/basic.py\", line 908, in inner_predict\n", "step": null, "ts": 1656088694.294997}]}, "version": 68}
{"obj": {"type": "LogStrings", "path": ["monitoring", "stderr"], "values": [{"value": "    ", "step": null, "ts": 1656088694.296189}]}, "version": 69}
{"obj": {"type": "LogStrings", "path": ["monitoring", "stderr"], "values": [{"value": "_safe_call(_LIB.LGBM_BoosterPredictForMat(", "step": null, "ts": 1656088694.2970912}]}, "version": 70}
{"obj": {"type": "LogStrings", "path": ["monitoring", "stderr"], "values": [{"value": "\n", "step": null, "ts": 1656088694.297971}]}, "version": 71}
{"obj": {"type": "LogStrings", "path": ["monitoring", "stderr"], "values": [{"value": "KeyboardInterrupt", "step": null, "ts": 1656088694.2988076}]}, "version": 72}
{"obj": {"type": "LogStrings", "path": ["monitoring", "stderr"], "values": [{"value": "", "step": null, "ts": 1656088694.2996924}]}, "version": 73}
{"obj": {"type": "LogStrings", "path": ["monitoring", "stderr"], "values": [{"value": "\n", "step": null, "ts": 1656088694.300525}]}, "version": 74}
{"obj": {"type": "LogStrings", "path": ["monitoring", "stdout"], "values": [{"value": "Shutting down background jobs, please wait a moment...\n", "step": null, "ts": 1656088694.301479}]}, "version": 75}
