{"obj": {"type": "LogStrings", "path": ["monitoring", "stderr"], "values": [{"value": "Info (NVML): Driver Not Loaded. GPU usage metrics may not be reported. For more information, see https://docs.neptune.ai/you-should-know/what-can-you-log-and-display#hardware-consumption\n", "step": null, "ts": 1656086533.9987962}]}, "version": 1}
{"obj": {"type": "LogFloats", "path": ["monitoring", "cpu"], "values": [{"value": 0.7, "step": null, "ts": 1656086534.001476}]}, "version": 2}
{"obj": {"type": "LogFloats", "path": ["monitoring", "memory"], "values": [{"value": 0.5187225341796875, "step": null, "ts": 1656086534.001476}]}, "version": 3}
{"obj": {"type": "LogStrings", "path": ["monitoring", "traceback"], "values": [{"value": "An uncaught exception occurred while run was active on worker L-BSC-A149822.", "step": null, "ts": 1656086534.3310115}, {"value": "Marking run as failed", "step": null, "ts": 1656086534.3310115}, {"value": "Traceback:", "step": null, "ts": 1656086534.3310115}, {"value": "  File \"artifacts/models/fetch_model.py\", line 18, in <module>\n    run[\"model/pickled_model\"].download(root_path+\"/artifacts/models\")\n", "step": null, "ts": 1656086534.3310115}, {"value": "  File \"/home/lingjun/miniconda3/lib/python3.8/site-packages/neptune/new/handler.py\", line 66, in inner_fun\n    return fun(self, *args, **kwargs)\n", "step": null, "ts": 1656086534.3310115}, {"value": "  File \"/home/lingjun/miniconda3/lib/python3.8/site-packages/neptune/new/handler.py\", line 454, in download\n    return self._pass_call_to_attr(function_name=\"download\", destination=destination)\n", "step": null, "ts": 1656086534.3310115}, {"value": "  File \"/home/lingjun/miniconda3/lib/python3.8/site-packages/neptune/new/handler.py\", line 491, in _pass_call_to_attr\n    return getattr(self._get_attribute(), function_name)(**kwargs)\n", "step": null, "ts": 1656086534.3310115}, {"value": "  File \"/home/lingjun/miniconda3/lib/python3.8/site-packages/neptune/new/attributes/atoms/file.py\", line 52, in download\n    self._backend.download_file(\n", "step": null, "ts": 1656086534.3310115}, {"value": "  File \"/home/lingjun/miniconda3/lib/python3.8/site-packages/neptune/new/internal/backends/hosted_neptune_backend.py\", line 714, in download_file\n    download_file_attribute(\n", "step": null, "ts": 1656086534.3310115}, {"value": "  File \"/home/lingjun/miniconda3/lib/python3.8/site-packages/neptune/new/internal/backends/hosted_file_operations.py\", line 492, in download_file_attribute\n    _store_response_as_file(response, destination)\n", "step": null, "ts": 1656086534.3310115}]}, "version": 4}
{"obj": {"type": "LogStrings", "path": ["monitoring", "traceback"], "values": [{"value": "  File \"/home/lingjun/miniconda3/lib/python3.8/site-packages/neptune/new/internal/backends/hosted_file_operations.py\", line 529, in _store_response_as_file\n    with open(target_file, \"wb\") as f:\n", "step": null, "ts": 1656086534.3310115}, {"value": "[Errno 2] No such file or directory: '/mnt/c/Users/lizhou/Documents/mlpipeline/Test-Pipeline/artifacts/artifacts/models'", "step": null, "ts": 1656086534.3310115}]}, "version": 5}
{"obj": {"type": "AssignBool", "path": ["sys", "failed"], "value": true}, "version": 6}
{"obj": {"type": "LogStrings", "path": ["monitoring", "stderr"], "values": [{"value": "Traceback (most recent call last):\n", "step": null, "ts": 1656086534.3338633}]}, "version": 7}
{"obj": {"type": "LogStrings", "path": ["monitoring", "stderr"], "values": [{"value": "  File \"artifacts/models/fetch_model.py\", line 18, in <module>\n", "step": null, "ts": 1656086534.336094}]}, "version": 8}
{"obj": {"type": "LogStrings", "path": ["monitoring", "stderr"], "values": [{"value": "    ", "step": null, "ts": 1656086534.3386838}]}, "version": 9}
{"obj": {"type": "LogStrings", "path": ["monitoring", "stderr"], "values": [{"value": "run[\"model/pickled_model\"].download(root_path+\"/artifacts/models\")", "step": null, "ts": 1656086534.339413}]}, "version": 10}
{"obj": {"type": "LogStrings", "path": ["monitoring", "stderr"], "values": [{"value": "\n", "step": null, "ts": 1656086534.3402176}]}, "version": 11}
{"obj": {"type": "LogStrings", "path": ["monitoring", "stderr"], "values": [{"value": "  File \"/home/lingjun/miniconda3/lib/python3.8/site-packages/neptune/new/handler.py\", line 66, in inner_fun\n", "step": null, "ts": 1656086534.3409784}]}, "version": 12}
{"obj": {"type": "LogStrings", "path": ["monitoring", "stderr"], "values": [{"value": "    ", "step": null, "ts": 1656086534.3418863}]}, "version": 13}
{"obj": {"type": "LogStrings", "path": ["monitoring", "stderr"], "values": [{"value": "return fun(self, *args, **kwargs)", "step": null, "ts": 1656086534.3427231}]}, "version": 14}
{"obj": {"type": "LogStrings", "path": ["monitoring", "stderr"], "values": [{"value": "\n", "step": null, "ts": 1656086534.3435187}]}, "version": 15}
{"obj": {"type": "LogStrings", "path": ["monitoring", "stderr"], "values": [{"value": "  File \"/home/lingjun/miniconda3/lib/python3.8/site-packages/neptune/new/handler.py\", line 454, in download\n", "step": null, "ts": 1656086534.3444846}]}, "version": 16}
{"obj": {"type": "LogStrings", "path": ["monitoring", "stderr"], "values": [{"value": "    ", "step": null, "ts": 1656086534.3456612}]}, "version": 17}
{"obj": {"type": "LogStrings", "path": ["monitoring", "stderr"], "values": [{"value": "return self._pass_call_to_attr(function_name=\"download\", destination=destination)", "step": null, "ts": 1656086534.3468716}]}, "version": 18}
{"obj": {"type": "LogStrings", "path": ["monitoring", "stderr"], "values": [{"value": "\n", "step": null, "ts": 1656086534.3481348}]}, "version": 19}
{"obj": {"type": "LogStrings", "path": ["monitoring", "stderr"], "values": [{"value": "  File \"/home/lingjun/miniconda3/lib/python3.8/site-packages/neptune/new/handler.py\", line 491, in _pass_call_to_attr\n", "step": null, "ts": 1656086534.3504758}]}, "version": 20}
{"obj": {"type": "LogStrings", "path": ["monitoring", "stderr"], "values": [{"value": "    ", "step": null, "ts": 1656086534.351654}]}, "version": 21}
{"obj": {"type": "LogStrings", "path": ["monitoring", "stderr"], "values": [{"value": "return getattr(self._get_attribute(), function_name)(**kwargs)", "step": null, "ts": 1656086534.352795}]}, "version": 22}
{"obj": {"type": "LogStrings", "path": ["monitoring", "stderr"], "values": [{"value": "\n", "step": null, "ts": 1656086534.353745}]}, "version": 23}
{"obj": {"type": "LogStrings", "path": ["monitoring", "stderr"], "values": [{"value": "  File \"/home/lingjun/miniconda3/lib/python3.8/site-packages/neptune/new/attributes/atoms/file.py\", line 52, in download\n", "step": null, "ts": 1656086534.3549185}]}, "version": 24}
{"obj": {"type": "LogStrings", "path": ["monitoring", "stderr"], "values": [{"value": "    ", "step": null, "ts": 1656086534.3557622}]}, "version": 25}
{"obj": {"type": "LogStrings", "path": ["monitoring", "stderr"], "values": [{"value": "self._backend.download_file(", "step": null, "ts": 1656086534.3566222}]}, "version": 26}
{"obj": {"type": "LogStrings", "path": ["monitoring", "stderr"], "values": [{"value": "\n", "step": null, "ts": 1656086534.3576071}]}, "version": 27}
{"obj": {"type": "LogStrings", "path": ["monitoring", "stderr"], "values": [{"value": "  File \"/home/lingjun/miniconda3/lib/python3.8/site-packages/neptune/new/internal/backends/hosted_neptune_backend.py\", line 714, in download_file\n", "step": null, "ts": 1656086534.3586934}]}, "version": 28}
{"obj": {"type": "LogStrings", "path": ["monitoring", "stderr"], "values": [{"value": "    ", "step": null, "ts": 1656086534.3597856}]}, "version": 29}
{"obj": {"type": "LogStrings", "path": ["monitoring", "stderr"], "values": [{"value": "download_file_attribute(", "step": null, "ts": 1656086534.3606553}]}, "version": 30}
{"obj": {"type": "LogStrings", "path": ["monitoring", "stderr"], "values": [{"value": "\n", "step": null, "ts": 1656086534.3614497}]}, "version": 31}
{"obj": {"type": "LogStrings", "path": ["monitoring", "stderr"], "values": [{"value": "  File \"/home/lingjun/miniconda3/lib/python3.8/site-packages/neptune/new/internal/backends/hosted_file_operations.py\", line 492, in download_file_attribute\n", "step": null, "ts": 1656086534.3622525}]}, "version": 32}
{"obj": {"type": "LogStrings", "path": ["monitoring", "stderr"], "values": [{"value": "    ", "step": null, "ts": 1656086534.3633194}]}, "version": 33}
{"obj": {"type": "LogStrings", "path": ["monitoring", "stderr"], "values": [{"value": "_store_response_as_file(response, destination)", "step": null, "ts": 1656086534.3645115}]}, "version": 34}
{"obj": {"type": "LogStrings", "path": ["monitoring", "stderr"], "values": [{"value": "\n", "step": null, "ts": 1656086534.3655884}]}, "version": 35}
{"obj": {"type": "LogStrings", "path": ["monitoring", "stderr"], "values": [{"value": "  File \"/home/lingjun/miniconda3/lib/python3.8/site-packages/neptune/new/internal/backends/hosted_file_operations.py\", line 529, in _store_response_as_file\n", "step": null, "ts": 1656086534.3665795}]}, "version": 36}
{"obj": {"type": "LogStrings", "path": ["monitoring", "stderr"], "values": [{"value": "    ", "step": null, "ts": 1656086534.367413}]}, "version": 37}
{"obj": {"type": "LogStrings", "path": ["monitoring", "stderr"], "values": [{"value": "with open(target_file, \"wb\") as f:", "step": null, "ts": 1656086534.368238}]}, "version": 38}
{"obj": {"type": "LogStrings", "path": ["monitoring", "stderr"], "values": [{"value": "\n", "step": null, "ts": 1656086534.3691802}]}, "version": 39}
{"obj": {"type": "LogStrings", "path": ["monitoring", "stderr"], "values": [{"value": "FileNotFoundError", "step": null, "ts": 1656086534.3702495}]}, "version": 40}
{"obj": {"type": "LogStrings", "path": ["monitoring", "stderr"], "values": [{"value": ": ", "step": null, "ts": 1656086534.3715434}]}, "version": 41}
{"obj": {"type": "LogStrings", "path": ["monitoring", "stderr"], "values": [{"value": "[Errno 2] No such file or directory: '/mnt/c/Users/lizhou/Documents/mlpipeline/Test-Pipeline/artifacts/artifacts/models'", "step": null, "ts": 1656086534.3728776}]}, "version": 42}
{"obj": {"type": "LogStrings", "path": ["monitoring", "stderr"], "values": [{"value": "\n", "step": null, "ts": 1656086534.3740022}]}, "version": 43}
{"obj": {"type": "LogStrings", "path": ["monitoring", "stdout"], "values": [{"value": "Shutting down background jobs, please wait a moment...\n", "step": null, "ts": 1656086534.3751934}]}, "version": 44}
